# JRE version: OpenJDK Runtime Environment Temurin-21.0.9+10 (21.0.9+10) (build 21.0.9+10-LTS)
# Java VM: OpenJDK 64-Bit Server VM Temurin-21.0.9+10 (21.0.9+10-LTS, mixed mode, sharing, tiered, compressed oops, compressed class ptrs, parallel gc, windows-amd64)
GC Precious Log:
 CardTable entry size: 512
 CPUs: 8 total, 8 available
 Memory: 7873M
 Large Page Support: Disabled
 NUMA Support: Disabled
 Compressed Oops: Enabled (32-bit)
 Alignments: Space 512K, Generation 512K, Heap 2M
 Heap Min Capacity: 100M
 Heap Initial Capacity: 100M
 Heap Max Capacity: 2G
 Pre-touch: Disabled
 Parallel Workers: 8
Heap:
 PSYoungGen      total 25600K, used 5220K [0x00000000d5580000, 0x00000000d7480000, 0x0000000100000000)
  eden space 23040K, 15% used [0x00000000d5580000,0x00000000d58e0a88,0x00000000d6c00000)
  from space 2560K, 68% used [0x00000000d6c00000,0x00000000d6db8838,0x00000000d6e80000)
  to   space 2048K, 0% used [0x00000000d7280000,0x00000000d7280000,0x00000000d7480000)
 ParOldGen       total 958464K, used 377607K [0x0000000080000000, 0x00000000ba800000, 0x00000000d5580000)
  object space 958464K, 39% used [0x0000000080000000,0x00000000970c1d28,0x00000000ba800000)
 Metaspace       used 77585K, committed 79296K, reserved 1179648K
  class space    used 8190K, committed 8960K, reserved 1048576K
GC Heap History (20 events):
Event: 1542.511 GC heap before
{Heap before GC invocations=1228 (full 4):
 PSYoungGen      total 20480K, used 19992K [0x00000000d5580000, 0x00000000d6c80000, 0x0000000100000000)
  eden space 17920K, 100% used [0x00000000d5580000,0x00000000d6700000,0x00000000d6700000)
  from space 2560K, 80% used [0x00000000d6700000,0x00000000d6906008,0x00000000d6980000)
  to   space 2560K, 0% used [0x00000000d6a00000,0x00000000d6a00000,0x00000000d6c80000)
 ParOldGen       total 958464K, used 360023K [0x0000000080000000, 0x00000000ba800000, 0x00000000d5580000)
  object space 958464K, 37% used [0x0000000080000000,0x0000000095f95cd0,0x00000000ba800000)
 Metaspace       used 77492K, committed 79232K, reserved 1179648K
  class space    used 8184K, committed 8960K, reserved 1048576K
}
Event: 1542.524 GC heap after
{Heap after GC invocations=1228 (full 4):
 PSYoungGen      total 19456K, used 1288K [0x00000000d5580000, 0x00000000d6b80000, 0x0000000100000000)
  eden space 17920K, 0% used [0x00000000d5580000,0x00000000d5580000,0x00000000d6700000)
  from space 1536K, 83% used [0x00000000d6a00000,0x00000000d6b422a0,0x00000000d6b80000)
  to   space 2048K, 0% used [0x00000000d6780000,0x00000000d6780000,0x00000000d6980000)
 ParOldGen       total 958464K, used 361935K [0x0000000080000000, 0x00000000ba800000, 0x00000000d5580000)
  object space 958464K, 37% used [0x0000000080000000,0x0000000096173cd8,0x00000000ba800000)
 Metaspace       used 77492K, committed 79232K, reserved 1179648K
  class space    used 8184K, committed 8960K, reserved 1048576K
}
Event: 1542.549 GC heap before
{Heap before GC invocations=1229 (full 4):
 PSYoungGen      total 19456K, used 19208K [0x00000000d5580000, 0x00000000d6b80000, 0x0000000100000000)
  eden space 17920K, 100% used [0x00000000d5580000,0x00000000d6700000,0x00000000d6700000)
  from space 1536K, 83% used [0x00000000d6a00000,0x00000000d6b422a0,0x00000000d6b80000)
  to   space 2048K, 0% used [0x00000000d6780000,0x00000000d6780000,0x00000000d6980000)
 ParOldGen       total 958464K, used 361935K [0x0000000080000000, 0x00000000ba800000, 0x00000000d5580000)
  object space 958464K, 37% used [0x0000000080000000,0x0000000096173cd8,0x00000000ba800000)
 Metaspace       used 77492K, committed 79232K, reserved 1179648K
  class space    used 8184K, committed 8960K, reserved 1048576K
}
Event: 1542.554 GC heap after
{Heap after GC invocations=1229 (full 4):
 PSYoungGen      total 19968K, used 2028K [0x00000000d5580000, 0x00000000d6e00000, 0x0000000100000000)
  eden space 17920K, 0% used [0x00000000d5580000,0x00000000d5580000,0x00000000d6700000)
  from space 2048K, 99% used [0x00000000d6780000,0x00000000d697b008,0x00000000d6980000)
  to   space 3584K, 0% used [0x00000000d6a80000,0x00000000d6a80000,0x00000000d6e00000)
 ParOldGen       total 958464K, used 362989K [0x0000000080000000, 0x00000000ba800000, 0x00000000d5580000)
  object space 958464K, 37% used [0x0000000080000000,0x000000009627b400,0x00000000ba800000)
 Metaspace       used 77492K, committed 79232K, reserved 1179648K
  class space    used 8184K, committed 8960K, reserved 1048576K
}
Event: 1542.583 GC heap before
{Heap before GC invocations=1230 (full 4):
 PSYoungGen      total 19968K, used 19941K [0x00000000d5580000, 0x00000000d6e00000, 0x0000000100000000)
  eden space 17920K, 99% used [0x00000000d5580000,0x00000000d66fe7f0,0x00000000d6700000)
  from space 2048K, 99% used [0x00000000d6780000,0x00000000d697b008,0x00000000d6980000)
  to   space 3584K, 0% used [0x00000000d6a80000,0x00000000d6a80000,0x00000000d6e00000)
 ParOldGen       total 958464K, used 362989K [0x0000000080000000, 0x00000000ba800000, 0x00000000d5580000)
  object space 958464K, 37% used [0x0000000080000000,0x000000009627b400,0x00000000ba800000)
 Metaspace       used 77492K, committed 79232K, reserved 1179648K
  class space    used 8184K, committed 8960K, reserved 1048576K
}
Event: 1542.595 GC heap after
{Heap after GC invocations=1230 (full 4):
 PSYoungGen      total 19968K, used 1856K [0x00000000d5580000, 0x00000000d6c80000, 0x0000000100000000)
  eden space 17920K, 0% used [0x00000000d5580000,0x00000000d5580000,0x00000000d6700000)
  from space 2048K, 90% used [0x00000000d6a80000,0x00000000d6c50000,0x00000000d6c80000)
  to   space 2560K, 0% used [0x00000000d6780000,0x00000000d6780000,0x00000000d6a00000)
 ParOldGen       total 958464K, used 364906K [0x0000000080000000, 0x00000000ba800000, 0x00000000d5580000)
  object space 958464K, 38% used [0x0000000080000000,0x000000009645a810,0x00000000ba800000)
 Metaspace       used 77492K, committed 79232K, reserved 1179648K
  class space    used 8184K, committed 8960K, reserved 1048576K
}
Event: 1542.620 GC heap before
{Heap before GC invocations=1231 (full 4):
 PSYoungGen      total 19968K, used 19776K [0x00000000d5580000, 0x00000000d6c80000, 0x0000000100000000)
  eden space 17920K, 100% used [0x00000000d5580000,0x00000000d6700000,0x00000000d6700000)
  from space 2048K, 90% used [0x00000000d6a80000,0x00000000d6c50000,0x00000000d6c80000)
  to   space 2560K, 0% used [0x00000000d6780000,0x00000000d6780000,0x00000000d6a00000)
 ParOldGen       total 958464K, used 364906K [0x0000000080000000, 0x00000000ba800000, 0x00000000d5580000)
  object space 958464K, 38% used [0x0000000080000000,0x000000009645a810,0x00000000ba800000)
 Metaspace       used 77492K, committed 79232K, reserved 1179648K
  class space    used 8184K, committed 8960K, reserved 1048576K
}
Event: 1542.629 GC heap after
{Heap after GC invocations=1231 (full 4):
 PSYoungGen      total 20992K, used 1944K [0x00000000d5580000, 0x00000000d6e80000, 0x0000000100000000)
  eden space 18432K, 0% used [0x00000000d5580000,0x00000000d5580000,0x00000000d6780000)
  from space 2560K, 75% used [0x00000000d6780000,0x00000000d6966008,0x00000000d6a00000)
  to   space 2048K, 0% used [0x00000000d6c80000,0x00000000d6c80000,0x00000000d6e80000)
 ParOldGen       total 958464K, used 366631K [0x0000000080000000, 0x00000000ba800000, 0x00000000d5580000)
  object space 958464K, 38% used [0x0000000080000000,0x0000000096609e20,0x00000000ba800000)
 Metaspace       used 77492K, committed 79232K, reserved 1179648K
  class space    used 8184K, committed 8960K, reserved 1048576K
}
Event: 1542.654 GC heap before
{Heap before GC invocations=1232 (full 4):
 PSYoungGen      total 20992K, used 20376K [0x00000000d5580000, 0x00000000d6e80000, 0x0000000100000000)
  eden space 18432K, 100% used [0x00000000d5580000,0x00000000d6780000,0x00000000d6780000)
  from space 2560K, 75% used [0x00000000d6780000,0x00000000d6966008,0x00000000d6a00000)
  to   space 2048K, 0% used [0x00000000d6c80000,0x00000000d6c80000,0x00000000d6e80000)
 ParOldGen       total 958464K, used 366631K [0x0000000080000000, 0x00000000ba800000, 0x00000000d5580000)
  object space 958464K, 38% used [0x0000000080000000,0x0000000096609e20,0x00000000ba800000)
 Metaspace       used 77492K, committed 79232K, reserved 1179648K
  class space    used 8184K, committed 8960K, reserved 1048576K
}
Event: 1542.664 GC heap after
{Heap after GC invocations=1232 (full 4):
 PSYoungGen      total 23552K, used 1760K [0x00000000d5580000, 0x00000000d6f80000, 0x0000000100000000)
  eden space 21504K, 0% used [0x00000000d5580000,0x00000000d5580000,0x00000000d6a80000)
  from space 2048K, 85% used [0x00000000d6c80000,0x00000000d6e38000,0x00000000d6e80000)
  to   space 2048K, 0% used [0x00000000d6a80000,0x00000000d6a80000,0x00000000d6c80000)
 ParOldGen       total 958464K, used 368479K [0x0000000080000000, 0x00000000ba800000, 0x00000000d5580000)
  object space 958464K, 38% used [0x0000000080000000,0x00000000967d7e28,0x00000000ba800000)
 Metaspace       used 77492K, committed 79232K, reserved 1179648K
  class space    used 8184K, committed 8960K, reserved 1048576K
}
Event: 1542.730 GC heap before
{Heap before GC invocations=1233 (full 4):
 PSYoungGen      total 23552K, used 23264K [0x00000000d5580000, 0x00000000d6f80000, 0x0000000100000000)
  eden space 21504K, 100% used [0x00000000d5580000,0x00000000d6a80000,0x00000000d6a80000)
  from space 2048K, 85% used [0x00000000d6c80000,0x00000000d6e38000,0x00000000d6e80000)
  to   space 2048K, 0% used [0x00000000d6a80000,0x00000000d6a80000,0x00000000d6c80000)
 ParOldGen       total 958464K, used 368479K [0x0000000080000000, 0x00000000ba800000, 0x00000000d5580000)
  object space 958464K, 38% used [0x0000000080000000,0x00000000967d7e28,0x00000000ba800000)
 Metaspace       used 77492K, committed 79232K, reserved 1179648K
  class space    used 8184K, committed 8960K, reserved 1048576K
}
Event: 1542.739 GC heap after
{Heap after GC invocations=1233 (full 4):
 PSYoungGen      total 23552K, used 1907K [0x00000000d5580000, 0x00000000d6e80000, 0x0000000100000000)
  eden space 21504K, 0% used [0x00000000d5580000,0x00000000d5580000,0x00000000d6a80000)
  from space 2048K, 93% used [0x00000000d6a80000,0x00000000d6c5cd40,0x00000000d6c80000)
  to   space 2048K, 0% used [0x00000000d6c80000,0x00000000d6c80000,0x00000000d6e80000)
 ParOldGen       total 958464K, used 370071K [0x0000000080000000, 0x00000000ba800000, 0x00000000d5580000)
  object space 958464K, 38% used [0x0000000080000000,0x0000000096965e28,0x00000000ba800000)
 Metaspace       used 77492K, committed 79232K, reserved 1179648K
  class space    used 8184K, committed 8960K, reserved 1048576K
}
Event: 1542.772 GC heap before
{Heap before GC invocations=1234 (full 4):
 PSYoungGen      total 23552K, used 23411K [0x00000000d5580000, 0x00000000d6e80000, 0x0000000100000000)
  eden space 21504K, 100% used [0x00000000d5580000,0x00000000d6a80000,0x00000000d6a80000)
  from space 2048K, 93% used [0x00000000d6a80000,0x00000000d6c5cd40,0x00000000d6c80000)
  to   space 2048K, 0% used [0x00000000d6c80000,0x00000000d6c80000,0x00000000d6e80000)
 ParOldGen       total 958464K, used 370071K [0x0000000080000000, 0x00000000ba800000, 0x00000000d5580000)
  object space 958464K, 38% used [0x0000000080000000,0x0000000096965e28,0x00000000ba800000)
 Metaspace       used 77492K, committed 79232K, reserved 1179648K
  class space    used 8184K, committed 8960K, reserved 1048576K
}
Event: 1542.783 GC heap after
{Heap after GC invocations=1234 (full 4):
 PSYoungGen      total 20992K, used 2021K [0x00000000d5580000, 0x00000000d7800000, 0x0000000100000000)
  eden space 18944K, 0% used [0x00000000d5580000,0x00000000d5580000,0x00000000d6800000)
  from space 2048K, 98% used [0x00000000d6c80000,0x00000000d6e794c8,0x00000000d6e80000)
  to   space 4608K, 0% used [0x00000000d6800000,0x00000000d6800000,0x00000000d6c80000)
 ParOldGen       total 958464K, used 371913K [0x0000000080000000, 0x00000000ba800000, 0x00000000d5580000)
  object space 958464K, 38% used [0x0000000080000000,0x0000000096b32710,0x00000000ba800000)
 Metaspace       used 77492K, committed 79232K, reserved 1179648K
  class space    used 8184K, committed 8960K, reserved 1048576K
}
Event: 1542.817 GC heap before
{Heap before GC invocations=1235 (full 4):
 PSYoungGen      total 20992K, used 20965K [0x00000000d5580000, 0x00000000d7800000, 0x0000000100000000)
  eden space 18944K, 100% used [0x00000000d5580000,0x00000000d6800000,0x00000000d6800000)
  from space 2048K, 98% used [0x00000000d6c80000,0x00000000d6e794c8,0x00000000d6e80000)
  to   space 4608K, 0% used [0x00000000d6800000,0x00000000d6800000,0x00000000d6c80000)
 ParOldGen       total 958464K, used 371913K [0x0000000080000000, 0x00000000ba800000, 0x00000000d5580000)
  object space 958464K, 38% used [0x0000000080000000,0x0000000096b32710,0x00000000ba800000)
 Metaspace       used 77492K, committed 79232K, reserved 1179648K
  class space    used 8184K, committed 8960K, reserved 1048576K
}
Event: 1542.828 GC heap after
{Heap after GC invocations=1235 (full 4):
 PSYoungGen      total 23552K, used 2296K [0x00000000d5580000, 0x00000000d7200000, 0x0000000100000000)
  eden space 18944K, 0% used [0x00000000d5580000,0x00000000d5580000,0x00000000d6800000)
  from space 4608K, 49% used [0x00000000d6800000,0x00000000d6a3e008,0x00000000d6c80000)
  to   space 3072K, 0% used [0x00000000d6f00000,0x00000000d6f00000,0x00000000d7200000)
 ParOldGen       total 958464K, used 373729K [0x0000000080000000, 0x00000000ba800000, 0x00000000d5580000)
  object space 958464K, 38% used [0x0000000080000000,0x0000000096cf8710,0x00000000ba800000)
 Metaspace       used 77492K, committed 79232K, reserved 1179648K
  class space    used 8184K, committed 8960K, reserved 1048576K
}
Event: 1542.864 GC heap before
{Heap before GC invocations=1236 (full 4):
 PSYoungGen      total 23552K, used 21240K [0x00000000d5580000, 0x00000000d7200000, 0x0000000100000000)
  eden space 18944K, 100% used [0x00000000d5580000,0x00000000d6800000,0x00000000d6800000)
  from space 4608K, 49% used [0x00000000d6800000,0x00000000d6a3e008,0x00000000d6c80000)
  to   space 3072K, 0% used [0x00000000d6f00000,0x00000000d6f00000,0x00000000d7200000)
 ParOldGen       total 958464K, used 373729K [0x0000000080000000, 0x00000000ba800000, 0x00000000d5580000)
  object space 958464K, 38% used [0x0000000080000000,0x0000000096cf8710,0x00000000ba800000)
 Metaspace       used 77492K, committed 79232K, reserved 1179648K
  class space    used 8184K, committed 8960K, reserved 1048576K
}
Event: 1542.879 GC heap after
{Heap after GC invocations=1236 (full 4):
 PSYoungGen      total 25088K, used 1920K [0x00000000d5580000, 0x00000000d7100000, 0x0000000100000000)
  eden space 23040K, 0% used [0x00000000d5580000,0x00000000d5580000,0x00000000d6c00000)
  from space 2048K, 93% used [0x00000000d6f00000,0x00000000d70e0000,0x00000000d7100000)
  to   space 2560K, 0% used [0x00000000d6c00000,0x00000000d6c00000,0x00000000d6e80000)
 ParOldGen       total 958464K, used 375815K [0x0000000080000000, 0x00000000ba800000, 0x00000000d5580000)
  object space 958464K, 39% used [0x0000000080000000,0x0000000096f01d28,0x00000000ba800000)
 Metaspace       used 77492K, committed 79232K, reserved 1179648K
  class space    used 8184K, committed 8960K, reserved 1048576K
}
Event: 1542.992 GC heap before
{Heap before GC invocations=1237 (full 4):
 PSYoungGen      total 25088K, used 24901K [0x00000000d5580000, 0x00000000d7100000, 0x0000000100000000)
  eden space 23040K, 99% used [0x00000000d5580000,0x00000000d6bf15d0,0x00000000d6c00000)
  from space 2048K, 93% used [0x00000000d6f00000,0x00000000d70e0000,0x00000000d7100000)
  to   space 2560K, 0% used [0x00000000d6c00000,0x00000000d6c00000,0x00000000d6e80000)
 ParOldGen       total 958464K, used 375815K [0x0000000080000000, 0x00000000ba800000, 0x00000000d5580000)
  object space 958464K, 39% used [0x0000000080000000,0x0000000096f01d28,0x00000000ba800000)
 Metaspace       used 77561K, committed 79232K, reserved 1179648K
  class space    used 8190K, committed 8960K, reserved 1048576K
}
Event: 1543.005 GC heap after
{Heap after GC invocations=1237 (full 4):
 PSYoungGen      total 25600K, used 1762K [0x00000000d5580000, 0x00000000d7480000, 0x0000000100000000)
  eden space 23040K, 0% used [0x00000000d5580000,0x00000000d5580000,0x00000000d6c00000)
  from space 2560K, 68% used [0x00000000d6c00000,0x00000000d6db8838,0x00000000d6e80000)
  to   space 2048K, 0% used [0x00000000d7280000,0x00000000d7280000,0x00000000d7480000)
 ParOldGen       total 958464K, used 377607K [0x0000000080000000, 0x00000000ba800000, 0x00000000d5580000)
  object space 958464K, 39% used [0x0000000080000000,0x00000000970c1d28,0x00000000ba800000)
 Metaspace       used 77561K, committed 79232K, reserved 1179648K
  class space    used 8190K, committed 8960K, reserved 1048576K
}

